<?xml version="1.0" encoding="utf-8"?><testsuites name="pytest tests"><testsuite name="pytest" errors="0" failures="0" skipped="0" tests="17" time="0.870" timestamp="2026-02-05T16:58:44.189383+00:00" hostname="agent-env-c4de9efa-0c82-416b-bbec-b053e25a1a4c"><testcase classname="backend.tests.test_offline_apis.TestHealthAndBasicAPIs" name="test_health_check" time="0.060" /><testcase classname="backend.tests.test_offline_apis.TestHealthAndBasicAPIs" name="test_root_endpoint" time="0.038" /><testcase classname="backend.tests.test_offline_apis.TestProductsAPI" name="test_get_all_products" time="0.039" /><testcase classname="backend.tests.test_offline_apis.TestProductsAPI" name="test_get_product_by_id" time="0.086" /><testcase classname="backend.tests.test_offline_apis.TestCustomersAPI" name="test_get_all_customers" time="0.034" /><testcase classname="backend.tests.test_offline_apis.TestInvoicesAPI" name="test_get_all_invoices" time="0.042" /><testcase classname="backend.tests.test_offline_apis.TestInvoicesAPI" name="test_create_invoice" time="0.113" /><testcase classname="backend.tests.test_offline_apis.TestSuppliersAPI" name="test_get_all_suppliers" time="0.036" /><testcase classname="backend.tests.test_offline_apis.TestPurchasesAPI" name="test_get_all_purchases" time="0.040" /><testcase classname="backend.tests.test_offline_apis.TestWarehousesAPI" name="test_get_all_warehouses" time="0.041" /><testcase classname="backend.tests.test_offline_apis.TestAccountingAPI" name="test_get_expenses" time="0.036" /><testcase classname="backend.tests.test_offline_apis.TestAccountingAPI" name="test_get_accounts" time="0.039" /><testcase classname="backend.tests.test_offline_apis.TestDashboardAPI" name="test_get_dashboard_stats" time="0.047" /><testcase classname="backend.tests.test_offline_apis.TestReportsAPI" name="test_get_sales_report" time="0.039" /><testcase classname="backend.tests.test_offline_apis.TestReportsAPI" name="test_get_inventory_report" time="0.037" /><testcase classname="backend.tests.test_offline_apis.TestAuthAPI" name="test_login" time="0.041" /><testcase classname="backend.tests.test_offline_apis.TestAuthAPI" name="test_login_invalid_credentials" time="0.034" /></testsuite></testsuites>