<?xml version="1.0" encoding="utf-8"?><testsuites name="pytest tests"><testsuite name="pytest" errors="0" failures="0" skipped="0" tests="25" time="2.899" timestamp="2026-02-05T14:29:21.564836+00:00" hostname="agent-env-c548f7eb-0e8b-4a18-ba9d-e0c7d6b7918a"><testcase classname="backend.tests.test_users_warehouses_pos.TestHealthCheck" name="test_health_endpoint" time="0.219" /><testcase classname="backend.tests.test_users_warehouses_pos.TestUsersAPI" name="test_get_users_list" time="0.038" /><testcase classname="backend.tests.test_users_warehouses_pos.TestUsersAPI" name="test_create_user_success" time="0.217" /><testcase classname="backend.tests.test_users_warehouses_pos.TestUsersAPI" name="test_create_user_with_all_roles" time="0.314" /><testcase classname="backend.tests.test_users_warehouses_pos.TestUsersAPI" name="test_create_user_duplicate_username" time="0.109" /><testcase classname="backend.tests.test_users_warehouses_pos.TestUsersAPI" name="test_create_user_duplicate_email" time="0.122" /><testcase classname="backend.tests.test_users_warehouses_pos.TestUsersAPI" name="test_get_user_by_id" time="0.113" /><testcase classname="backend.tests.test_users_warehouses_pos.TestUsersAPI" name="test_get_user_invalid_id" time="0.038" /><testcase classname="backend.tests.test_users_warehouses_pos.TestUsersAPI" name="test_get_user_not_found" time="0.038" /><testcase classname="backend.tests.test_users_warehouses_pos.TestUsersAPI" name="test_update_user" time="0.145" /><testcase classname="backend.tests.test_users_warehouses_pos.TestUsersAPI" name="test_delete_user" time="0.109" /><testcase classname="backend.tests.test_users_warehouses_pos.TestWarehousesAPI" name="test_get_warehouses_list" time="0.039" /><testcase classname="backend.tests.test_users_warehouses_pos.TestWarehousesAPI" name="test_create_warehouse_success" time="0.114" /><testcase classname="backend.tests.test_users_warehouses_pos.TestWarehousesAPI" name="test_create_warehouse_duplicate_code" time="0.114" /><testcase classname="backend.tests.test_users_warehouses_pos.TestWarehousesAPI" name="test_get_warehouse_by_id" time="0.104" /><testcase classname="backend.tests.test_users_warehouses_pos.TestWarehousesAPI" name="test_get_warehouse_invalid_id" time="0.035" /><testcase classname="backend.tests.test_users_warehouses_pos.TestWarehousesAPI" name="test_get_warehouse_not_found" time="0.040" /><testcase classname="backend.tests.test_users_warehouses_pos.TestWarehousesAPI" name="test_update_warehouse" time="0.158" /><testcase classname="backend.tests.test_users_warehouses_pos.TestWarehousesAPI" name="test_delete_warehouse" time="0.112" /><testcase classname="backend.tests.test_users_warehouses_pos.TestPOSCheckout" name="test_pos_checkout_creates_invoice" time="0.214" /><testcase classname="backend.tests.test_users_warehouses_pos.TestPOSCheckout" name="test_pos_checkout_with_different_status" time="0.112" /><testcase classname="backend.tests.test_users_warehouses_pos.TestPOSCheckout" name="test_pos_checkout_multiple_items" time="0.111" /><testcase classname="backend.tests.test_users_warehouses_pos.TestPOSCheckout" name="test_get_invoices_list" time="0.039" /><testcase classname="backend.tests.test_users_warehouses_pos.TestPOSCheckout" name="test_product_stock_update" time="0.117" /><testcase classname="backend.tests.test_users_warehouses_pos.TestCustomersAPI" name="test_get_customers_list" time="0.038" /></testsuite></testsuites>