<?xml version="1.0" encoding="utf-8"?><testsuites name="pytest tests"><testsuite name="pytest" errors="0" failures="0" skipped="0" tests="20" time="3.022" timestamp="2026-02-05T14:20:36.823603+00:00" hostname="agent-env-c548f7eb-0e8b-4a18-ba9d-e0c7d6b7918a"><testcase classname="tests.test_suppliers_purchases.TestHealthCheck" name="test_health_endpoint" time="0.103" /><testcase classname="tests.test_suppliers_purchases.TestSuppliersAPI" name="test_get_suppliers_list" time="0.042" /><testcase classname="tests.test_suppliers_purchases.TestSuppliersAPI" name="test_create_supplier_success" time="0.124" /><testcase classname="tests.test_suppliers_purchases.TestSuppliersAPI" name="test_create_supplier_minimal_fields" time="0.077" /><testcase classname="tests.test_suppliers_purchases.TestSuppliersAPI" name="test_get_supplier_by_id" time="0.121" /><testcase classname="tests.test_suppliers_purchases.TestSuppliersAPI" name="test_get_supplier_invalid_id" time="0.037" /><testcase classname="tests.test_suppliers_purchases.TestSuppliersAPI" name="test_get_supplier_not_found" time="0.033" /><testcase classname="tests.test_suppliers_purchases.TestSuppliersAPI" name="test_update_supplier" time="0.148" /><testcase classname="tests.test_suppliers_purchases.TestSuppliersAPI" name="test_delete_supplier" time="0.149" /><testcase classname="tests.test_suppliers_purchases.TestPurchasesAPI" name="test_get_purchases_list" time="0.154" /><testcase classname="tests.test_suppliers_purchases.TestPurchasesAPI" name="test_create_purchase_with_new_product" time="0.222" /><testcase classname="tests.test_suppliers_purchases.TestPurchasesAPI" name="test_create_purchase_with_existing_product" time="0.221" /><testcase classname="tests.test_suppliers_purchases.TestPurchasesAPI" name="test_create_purchase_multiple_items" time="0.235" /><testcase classname="tests.test_suppliers_purchases.TestPurchasesAPI" name="test_get_purchase_by_id" time="0.146" /><testcase classname="tests.test_suppliers_purchases.TestPurchasesAPI" name="test_get_purchase_invalid_id" time="0.112" /><testcase classname="tests.test_suppliers_purchases.TestPurchasesAPI" name="test_get_purchase_not_found" time="0.113" /><testcase classname="tests.test_suppliers_purchases.TestPurchasesAPI" name="test_update_purchase_status" time="0.154" /><testcase classname="tests.test_suppliers_purchases.TestPurchasesAPI" name="test_delete_purchase" time="0.185" /><testcase classname="tests.test_suppliers_purchases.TestInventoryAutoUpdate" name="test_inventory_update_by_sku_match" time="0.269" /><testcase classname="tests.test_suppliers_purchases.TestInventoryAutoUpdate" name="test_new_product_created_with_default_markup" time="0.187" /></testsuite></testsuites>