<?xml version="1.0" encoding="utf-8"?><testsuites name="pytest tests"><testsuite name="pytest" errors="0" failures="0" skipped="0" tests="14" time="1.556" timestamp="2026-02-08T10:11:03.535407+00:00" hostname="agent-env-378ae644-21e6-4169-bbb1-8a96486387ab"><testcase classname="backend.tests.test_purchases_api.TestPurchasesAPI" name="test_get_all_purchases" time="0.076" /><testcase classname="backend.tests.test_purchases_api.TestPurchasesAPI" name="test_create_purchase_with_single_item" time="0.090" /><testcase classname="backend.tests.test_purchases_api.TestPurchasesAPI" name="test_create_purchase_with_multiple_items" time="0.060" /><testcase classname="backend.tests.test_purchases_api.TestPurchasesAPI" name="test_update_purchase_status" time="0.177" /><testcase classname="backend.tests.test_purchases_api.TestPurchasesAPI" name="test_update_purchase_tax_and_discount" time="0.081" /><testcase classname="backend.tests.test_purchases_api.TestPurchasesAPI" name="test_update_purchase_notes" time="0.202" /><testcase classname="backend.tests.test_purchases_api.TestPurchasesAPI" name="test_update_purchase_all_fields" time="0.150" /><testcase classname="backend.tests.test_purchases_api.TestPurchasesAPI" name="test_get_purchase_by_id" time="0.068" /><testcase classname="backend.tests.test_purchases_api.TestPurchasesAPI" name="test_delete_purchase" time="0.096" /><testcase classname="backend.tests.test_purchases_api.TestProductCreationFromPurchase" name="test_create_product_api" time="0.081" /><testcase classname="backend.tests.test_purchases_api.TestProductCreationFromPurchase" name="test_purchase_updates_inventory" time="0.131" /><testcase classname="backend.tests.test_purchases_api.TestErrorHandling" name="test_invalid_purchase_id" time="0.036" /><testcase classname="backend.tests.test_purchases_api.TestErrorHandling" name="test_nonexistent_purchase" time="0.034" /><testcase classname="backend.tests.test_purchases_api.TestErrorHandling" name="test_update_empty_data" time="0.147" /></testsuite></testsuites>