<?xml version="1.0" encoding="utf-8"?><testsuites name="pytest tests"><testsuite name="pytest" errors="0" failures="0" skipped="0" tests="11" time="2.715" timestamp="2026-02-12T10:57:15.992336+00:00" hostname="agent-env-808faf37-1b1b-4aac-9eed-38d7b39a38c1"><testcase classname="tests.test_auth_multitenancy.TestHealthCheck" name="test_api_health" time="0.078" /><testcase classname="tests.test_auth_multitenancy.TestSuperAdminLogin" name="test_super_admin_login_success" time="0.297" /><testcase classname="tests.test_auth_multitenancy.TestSuperAdminLogin" name="test_super_admin_invalid_password" time="0.262" /><testcase classname="tests.test_auth_multitenancy.TestTenantUserLogin" name="test_tenant_user_login_success" time="0.265" /><testcase classname="tests.test_auth_multitenancy.TestTenantUserLogin" name="test_tenant_user_without_tenant_code" time="0.264" /><testcase classname="tests.test_auth_multitenancy.TestTenantUserLogin" name="test_tenant_user_invalid_credentials" time="0.257" /><testcase classname="tests.test_auth_multitenancy.TestDataIsolation" name="test_tenant_user_sees_only_their_products" time="0.295" /><testcase classname="tests.test_auth_multitenancy.TestDataIsolation" name="test_super_admin_sees_all_products" time="0.302" /><testcase classname="tests.test_auth_multitenancy.TestDataIsolation" name="test_products_with_no_auth" time="0.036" /><testcase classname="tests.test_auth_multitenancy.TestJWTTokenContent" name="test_super_admin_jwt_structure" time="0.262" /><testcase classname="tests.test_auth_multitenancy.TestJWTTokenContent" name="test_tenant_user_jwt_structure" time="0.259" /></testsuite></testsuites>