<?xml version="1.0" encoding="utf-8"?><testsuites name="pytest tests"><testsuite name="pytest" errors="0" failures="0" skipped="0" tests="8" time="0.747" timestamp="2026-02-08T10:54:14.408965+00:00" hostname="agent-env-378ae644-21e6-4169-bbb1-8a96486387ab"><testcase classname="backend.tests.test_rfid_tags_feature.TestRFIDTagsFeature" name="test_purchase_with_quantity_greater_than_1_and_tags" time="0.099" /><testcase classname="backend.tests.test_rfid_tags_feature.TestRFIDTagsFeature" name="test_purchase_with_quantity_greater_than_1_no_tags_skip" time="0.091" /><testcase classname="backend.tests.test_rfid_tags_feature.TestRFIDTagsFeature" name="test_purchase_with_partial_tags" time="0.131" /><testcase classname="backend.tests.test_rfid_tags_feature.TestRFIDTagsFeature" name="test_purchase_single_item_no_tags_dialog" time="0.045" /><testcase classname="backend.tests.test_rfid_tags_feature.TestRFIDTagsFeature" name="test_purchase_10_units_with_tags" time="0.044" /><testcase classname="backend.tests.test_rfid_tags_feature.TestRFIDTagsFeature" name="test_verify_product_units_created" time="0.088" /><testcase classname="backend.tests.test_rfid_tags_feature.TestTagsDataIntegrity" name="test_tags_persisted_in_get_request" time="0.099" /><testcase classname="backend.tests.test_rfid_tags_feature.TestTagsDataIntegrity" name="test_multiple_items_with_different_tag_counts" time="0.045" /></testsuite></testsuites>